  imgui.cpp
  imgui_demo.cpp
  imgui_draw.cpp
  imgui_impl_glfw.cpp
  imgui_impl_opengl3.cpp
  imgui_tables.cpp
  imgui_widgets.cpp
  Main.cpp
F:\Cpp\TowerDefense\TowerDefense\Globals.h(16,2): warning C4091: 'static ': ignored on left of 'Globals' when no variable is declared
F:\Cpp\TowerDefense\TowerDefense\Main.cpp(16,70): warning C4244: 'argument': conversion from '_Rep' to 'unsigned int', possible loss of data
          with
          [
              _Rep=std::chrono::system_clock::rep
          ]
  Point2.cpp
  Vector2.cpp
  PlayField.cpp
F:\Cpp\TowerDefense\TowerDefense\Globals.h(16,2): warning C4091: 'static ': ignored on left of 'Globals' when no variable is declared
F:\Cpp\TowerDefense\TowerDefense\PlayField.cpp(53,76): warning C4244: 'argument': conversion from 'int' to 'float', possible loss of data
F:\Cpp\TowerDefense\TowerDefense\PlayField.cpp(53,34): warning C4244: 'argument': conversion from 'int' to 'float', possible loss of data
F:\Cpp\TowerDefense\TowerDefense\PlayField.cpp(54,82): warning C4244: 'argument': conversion from 'int' to 'float', possible loss of data
F:\Cpp\TowerDefense\TowerDefense\PlayField.cpp(54,34): warning C4244: 'argument': conversion from 'int' to 'float', possible loss of data
F:\Cpp\TowerDefense\TowerDefense\PlayField.cpp(59,99): warning C4244: 'argument': conversion from 'int32_t' to 'float', possible loss of data
F:\Cpp\TowerDefense\TowerDefense\PlayField.cpp(59,85): warning C4244: 'argument': conversion from 'int' to 'float', possible loss of data
F:\Cpp\TowerDefense\TowerDefense\PlayField.cpp(60,81): warning C4244: 'argument': conversion from 'int' to 'float', possible loss of data
F:\Cpp\TowerDefense\TowerDefense\PlayField.cpp(60,58): warning C4244: 'argument': conversion from 'int' to 'float', possible loss of data
F:\Cpp\TowerDefense\TowerDefense\PlayField.cpp(64,104): warning C4244: 'argument': conversion from 'int' to 'float', possible loss of data
F:\Cpp\TowerDefense\TowerDefense\PlayField.cpp(64,47): warning C4244: 'argument': conversion from 'int32_t' to 'float', possible loss of data
F:\Cpp\TowerDefense\TowerDefense\PlayField.cpp(65,29): warning C4244: 'argument': conversion from 'int' to 'float', possible loss of data
F:\Cpp\TowerDefense\TowerDefense\PlayField.cpp(71,42): warning C4244: 'argument': conversion from 'float' to 'int32_t', possible loss of data
F:\Cpp\TowerDefense\TowerDefense\PlayField.cpp(71,33): warning C4244: 'argument': conversion from 'float' to 'int32_t', possible loss of data
F:\Cpp\TowerDefense\TowerDefense\PlayField.cpp(74,79): warning C4244: 'argument': conversion from 'int' to 'float', possible loss of data
F:\Cpp\TowerDefense\TowerDefense\PlayField.cpp(74,33): warning C4244: 'argument': conversion from 'int' to 'float', possible loss of data
F:\Cpp\TowerDefense\TowerDefense\PlayField.cpp(75,85): warning C4244: 'argument': conversion from 'int' to 'float', possible loss of data
F:\Cpp\TowerDefense\TowerDefense\PlayField.cpp(75,33): warning C4244: 'argument': conversion from 'int' to 'float', possible loss of data
  Globals.cpp
F:\Cpp\TowerDefense\TowerDefense\Globals.h(16,2): warning C4091: 'static ': ignored on left of 'Globals' when no variable is declared
  Generating code
  Previous IPDB not found, fall back to full compilation.
  All 1650 functions were compiled because no usable IPDB/IOBJ from previous compilation was found.
  Finished generating code
  TowerDefense.vcxproj -> F:\Cpp\TowerDefense\x64\Release\TowerDefense.exe
