c:\users\m.grimardhamel\documents\dev\towerdefense\towerdefense\x64\debug\vc143.pdb
c:\users\m.grimardhamel\documents\dev\towerdefense\towerdefense\x64\debug\vc143.idb
c:\users\m.grimardhamel\documents\dev\towerdefense\towerdefense\x64\debug\rle.obj
c:\users\m.grimardhamel\documents\dev\towerdefense\towerdefense\x64\debug\globals.obj
c:\users\m.grimardhamel\documents\dev\towerdefense\towerdefense\x64\debug\playfield.obj
c:\users\m.grimardhamel\documents\dev\towerdefense\towerdefense\x64\debug\vector2.obj
c:\users\m.grimardhamel\documents\dev\towerdefense\towerdefense\x64\debug\point2.obj
c:\users\m.grimardhamel\documents\dev\towerdefense\towerdefense\x64\debug\main.obj
c:\users\m.grimardhamel\documents\dev\towerdefense\towerdefense\x64\debug\leveleditor.obj
c:\users\m.grimardhamel\documents\dev\towerdefense\towerdefense\x64\debug\imgui_widgets.obj
c:\users\m.grimardhamel\documents\dev\towerdefense\towerdefense\x64\debug\imgui_tables.obj
c:\users\m.grimardhamel\documents\dev\towerdefense\towerdefense\x64\debug\imgui_impl_opengl3.obj
c:\users\m.grimardhamel\documents\dev\towerdefense\towerdefense\x64\debug\imgui_impl_glfw.obj
c:\users\m.grimardhamel\documents\dev\towerdefense\towerdefense\x64\debug\imgui_draw.obj
c:\users\m.grimardhamel\documents\dev\towerdefense\towerdefense\x64\debug\imgui_demo.obj
c:\users\m.grimardhamel\documents\dev\towerdefense\towerdefense\x64\debug\imgui.obj
c:\users\m.grimardhamel\documents\dev\towerdefense\towerdefense\x64\debug\entity.obj
c:\users\m.grimardhamel\documents\dev\towerdefense\towerdefense\x64\debug\astar.obj
c:\users\m.grimardhamel\documents\dev\towerdefense\x64\debug\towerdefense.exe
c:\users\m.grimardhamel\documents\dev\towerdefense\towerdefense\x64\debug\towerdefense.ilk
c:\users\m.grimardhamel\documents\dev\towerdefense\x64\debug\towerdefense.pdb
c:\users\m.grimardhamel\documents\dev\towerdefense\towerdefense\x64\debug\towerdefense.tlog\cl.command.1.tlog
c:\users\m.grimardhamel\documents\dev\towerdefense\towerdefense\x64\debug\towerdefense.tlog\cl.read.1.tlog
c:\users\m.grimardhamel\documents\dev\towerdefense\towerdefense\x64\debug\towerdefense.tlog\cl.write.1.tlog
c:\users\m.grimardhamel\documents\dev\towerdefense\towerdefense\x64\debug\towerdefense.tlog\link.command.1.tlog
c:\users\m.grimardhamel\documents\dev\towerdefense\towerdefense\x64\debug\towerdefense.tlog\link.read.1.tlog
c:\users\m.grimardhamel\documents\dev\towerdefense\towerdefense\x64\debug\towerdefense.tlog\link.write.1.tlog
