  Enemy.cpp
  Projectile.cpp
  AStar.cpp
  Entity.cpp
  imgui.cpp
  imgui_demo.cpp
  imgui_draw.cpp
  imgui_impl_glfw.cpp
  imgui_impl_opengl3.cpp
  imgui_tables.cpp
  imgui_widgets.cpp
  LevelEditor.cpp
  Main.cpp
  Point2.cpp
  Vector2.cpp
  PlayField.cpp
  Globals.cpp
  RLE.cpp
  Tower.cpp
  Generating Code...
LINK : warning LNK4098: defaultlib 'MSVCRT' conflicts with use of other libs; use /NODEFAULTLIB:library
  TowerDefense.vcxproj -> C:\Users\m.grimardhamel\Documents\Dev\TowerDefense\x64\Debug\TowerDefense.exe
